C:/Users/franc/AppData/Local/Temp/OpenModelica/OMEdit/LittlePieces/LittlePieces.exe -port=50835 -logFormat=xmltcp -override=startTime=0,stopTime=1,stepSize=0.002,tolerance=1e-6,solver=dassl,outputFormat=mat,variableFilter=.* -r=C:/Users/franc/AppData/Local/Temp/OpenModelica/OMEdit/LittlePieces/LittlePieces_res.mat -w -lv=LOG_STDOUT,LOG_ASSERT,LOG_STATS -inputPath=C:/Users/franc/AppData/Local/Temp/OpenModelica/OMEdit/LittlePieces -outputPath=C:/Users/franc/AppData/Local/Temp/OpenModelica/OMEdit/LittlePieces
The initialization finished successfully without homotopy method.
### STATISTICS ###
timer
   0.0017115s          reading init.xml
   0.0012565s          reading info.xml
   0.0005466s [ 76.7%] pre-initialization
   0.0001173s [ 16.5%] initialization
           0s [  0.0%] steps
           0s [  0.0%] solver (excl. callbacks)
   0.0004787s [ 67.1%] creating output-file
           0s [  0.0%] event-handling
           0s [  0.0%] overhead
  -0.0004297s [-60.3%] simulation
   0.0007129s [100.0%] total
events
    0 state events
    0 time events
solver: euler
    0 steps taken
    0 calls of functionODE
    0 evaluations of jacobian
    0 error test failures
    0 convergence test failures
0s time of jacobian evaluation
The simulation finished successfully.
